Using pre-set license
Built from '2020.3/staging' branch; Version is '2020.3.0f1 (c7b5465681fb) revision 13088070'; Using compiler version '192528614'; Build Type 'Release'
OS: 'Windows 10 Home; OS build 19042.867; Version 2009; 64bit' Language: 'en' Physical Memory: 16269 MB
BatchMode: 1, IsHumanControllingUs: 0, StartBugReporterOnCrash: 0, Is64bit: 1, IsPro: 0

 COMMAND LINE ARGUMENTS:
C:\Program Files\Unity\Hub\Editor\2020.3.0f1\Editor\Unity.exe
-adb2
-batchMode
-noUpm
-name
AssetImportWorker0
-projectPath
D:/CodeProjects/unity Projects/Asteroids
-logFile
Logs/AssetImportWorker0.log
-srvPort
53865
Successfully changed project path to: D:/CodeProjects/unity Projects/Asteroids
D:/CodeProjects/unity Projects/Asteroids
Using Asset Import Pipeline V2.
Refreshing native plugins compatible for Editor in 20.15 ms, found 0 plugins.
Preloading 0 native plugins for Editor in 0.00 ms.
Initialize engine version: 2020.3.0f1 (c7b5465681fb)
[Subsystems] Discovering subsystems at path C:/Program Files/Unity/Hub/Editor/2020.3.0f1/Editor/Data/Resources/UnitySubsystems
[Subsystems] Discovering subsystems at path D:/CodeProjects/unity Projects/Asteroids/Assets
GfxDevice: creating device client; threaded=0
Direct3D:
    Version:  Direct3D 11.0 [level 11.1]
    Renderer: NVIDIA GeForce GTX 1060 (ID=0x1c20)
    Vendor:   
    VRAM:     6052 MB
    Driver:   27.21.14.6589
Initialize mono
Mono path[0] = 'C:/Program Files/Unity/Hub/Editor/2020.3.0f1/Editor/Data/Managed'
Mono path[1] = 'C:/Program Files/Unity/Hub/Editor/2020.3.0f1/Editor/Data/MonoBleedingEdge/lib/mono/unityjit'
Mono config path = 'C:/Program Files/Unity/Hub/Editor/2020.3.0f1/Editor/Data/MonoBleedingEdge/etc'
Using monoOptions --debugger-agent=transport=dt_socket,embedding=1,server=y,suspend=n,address=127.0.0.1:56428
Begin MonoManager ReloadAssembly
Registering precompiled unity dll's ...
Register platform support module: C:/Program Files/Unity/Hub/Editor/2020.3.0f1/Editor/Data/PlaybackEngines/WebGLSupport/UnityEditor.WebGL.Extensions.dll
Register platform support module: C:/Program Files/Unity/Hub/Editor/2020.3.0f1/Editor/Data/PlaybackEngines/WindowsStandaloneSupport/UnityEditor.WindowsStandalone.Extensions.dll
Registered in 0.002597 seconds.
Native extension for WindowsStandalone target not found
Native extension for WebGL target not found
Refreshing native plugins compatible for Editor in 26.19 ms, found 0 plugins.
Preloading 0 native plugins for Editor in 0.00 ms.
Invoked RoslynAnalysisRunner static constructor.
RoslynAnalysisRunner will not be running.
RoslynAnalysisRunner has terminated.
Mono: successfully reloaded assembly
- Completed reload, in  1.549 seconds
Platform modules already initialized, skipping
Registering precompiled user dll's ...
Registered in 0.000462 seconds.
Begin MonoManager ReloadAssembly
Native extension for WindowsStandalone target not found
Native extension for WebGL target not found
Refreshing native plugins compatible for Editor in 0.12 ms, found 0 plugins.
Preloading 0 native plugins for Editor in 0.00 ms.
Invoked RoslynAnalysisRunner static constructor.
RoslynAnalysisRunner will not be running.
RoslynAnalysisRunner has terminated.
Mono: successfully reloaded assembly
- Completed reload, in  0.882 seconds
Platform modules already initialized, skipping
========================================================================
Worker process is ready to serve import requests
Launched and connected shader compiler UnityShaderCompiler.exe after 0.05 seconds
Refreshing native plugins compatible for Editor in 0.20 ms, found 0 plugins.
Preloading 0 native plugins for Editor in 0.00 ms.
Unloading 641 Unused Serialized files (Serialized files now loaded: 0)
System memory in use before: 43.4 MB.
System memory in use after: 43.4 MB.

Unloading 8 unused Assets to reduce memory usage. Loaded Objects now: 1082.
Total: 2.665700 ms (FindLiveObjects: 0.119100 ms CreateObjectMapping: 0.024100 ms MarkObjects: 2.432700 ms  DeleteObjects: 0.087800 ms)

========================================================================
Received Import Request.
  path: Assets/Resources/PreFaps/bullet.prefab
  artifactKey: Guid(c0a2b68b25629ed40b6177bbafd73096) Importer(815301076,1909f56bfc062723c751e8b465ee728b)
Start importing Assets/Resources/PreFaps/bullet.prefab using Guid(c0a2b68b25629ed40b6177bbafd73096) Importer(815301076,1909f56bfc062723c751e8b465ee728b)  -> (artifact id: 'eb79eabfe1e2e8768f9adbbe7832e838') in 0.159145 seconds
  Import took 0.161067 seconds .

========================================================================
Received Import Request.
  Time since last request: 0.000323 seconds.
  path: Assets/Resources/PreFaps/Astroid.prefab
  artifactKey: Guid(c6010405c574cf64ea52821e6941e99c) Importer(815301076,1909f56bfc062723c751e8b465ee728b)
Start importing Assets/Resources/PreFaps/Astroid.prefab using Guid(c6010405c574cf64ea52821e6941e99c) Importer(815301076,1909f56bfc062723c751e8b465ee728b)  -> (artifact id: '6b2454ef477dc84c63d62b1e7f3dc39d') in 0.039854 seconds
  Import took 0.042360 seconds .

========================================================================
Received Import Request.
  Time since last request: 62.970475 seconds.
  path: Assets/Resources/PreFaps/bullet.prefab
  artifactKey: Guid(c0a2b68b25629ed40b6177bbafd73096) Importer(815301076,1909f56bfc062723c751e8b465ee728b)
Start importing Assets/Resources/PreFaps/bullet.prefab using Guid(c0a2b68b25629ed40b6177bbafd73096) Importer(815301076,1909f56bfc062723c751e8b465ee728b)  -> (artifact id: '774b316ac9882a06e8a50888d3f08a80') in 0.016236 seconds
  Import took 0.017842 seconds .

========================================================================
Received Prepare
Registering precompiled user dll's ...
Registered in 0.000434 seconds.
Begin MonoManager ReloadAssembly
Native extension for WindowsStandalone target not found
Native extension for WebGL target not found
Refreshing native plugins compatible for Editor in 0.21 ms, found 0 plugins.
Preloading 0 native plugins for Editor in 0.00 ms.
Invoked RoslynAnalysisRunner static constructor.
RoslynAnalysisRunner will not be running.
RoslynAnalysisRunner has terminated.
Mono: successfully reloaded assembly
- Completed reload, in  0.844 seconds
Platform modules already initialized, skipping
Refreshing native plugins compatible for Editor in 0.18 ms, found 0 plugins.
Preloading 0 native plugins for Editor in 0.00 ms.
Unloading 636 Unused Serialized files (Serialized files now loaded: 0)
System memory in use before: 46.4 MB.
System memory in use after: 46.5 MB.

Unloading 4 unused Assets to reduce memory usage. Loaded Objects now: 1092.
Total: 1.630100 ms (FindLiveObjects: 0.219700 ms CreateObjectMapping: 0.026400 ms MarkObjects: 1.366000 ms  DeleteObjects: 0.016300 ms)

========================================================================
Received Prepare
Registering precompiled user dll's ...
Registered in 0.000566 seconds.
Begin MonoManager ReloadAssembly
Native extension for WindowsStandalone target not found
Native extension for WebGL target not found
Refreshing native plugins compatible for Editor in 0.21 ms, found 0 plugins.
Preloading 0 native plugins for Editor in 0.00 ms.
Invoked RoslynAnalysisRunner static constructor.
RoslynAnalysisRunner will not be running.
RoslynAnalysisRunner has terminated.
Mono: successfully reloaded assembly
- Completed reload, in  1.168 seconds
Platform modules already initialized, skipping
Refreshing native plugins compatible for Editor in 0.31 ms, found 0 plugins.
Preloading 0 native plugins for Editor in 0.00 ms.
Unloading 636 Unused Serialized files (Serialized files now loaded: 0)
System memory in use before: 46.4 MB.
System memory in use after: 46.5 MB.

Unloading 4 unused Assets to reduce memory usage. Loaded Objects now: 1095.
Total: 1.774700 ms (FindLiveObjects: 0.274000 ms CreateObjectMapping: 0.060000 ms MarkObjects: 1.422000 ms  DeleteObjects: 0.016500 ms)

========================================================================
Received Prepare
Registering precompiled user dll's ...
Registered in 0.000466 seconds.
Begin MonoManager ReloadAssembly
Native extension for WindowsStandalone target not found
Native extension for WebGL target not found
Refreshing native plugins compatible for Editor in 0.14 ms, found 0 plugins.
Preloading 0 native plugins for Editor in 0.00 ms.
Invoked RoslynAnalysisRunner static constructor.
RoslynAnalysisRunner will not be running.
RoslynAnalysisRunner has terminated.
Mono: successfully reloaded assembly
- Completed reload, in  1.076 seconds
Platform modules already initialized, skipping
Refreshing native plugins compatible for Editor in 0.15 ms, found 0 plugins.
Preloading 0 native plugins for Editor in 0.00 ms.
Unloading 636 Unused Serialized files (Serialized files now loaded: 0)
System memory in use before: 46.5 MB.
System memory in use after: 46.5 MB.

Unloading 4 unused Assets to reduce memory usage. Loaded Objects now: 1098.
Total: 2.845800 ms (FindLiveObjects: 0.286100 ms CreateObjectMapping: 0.050200 ms MarkObjects: 2.491200 ms  DeleteObjects: 0.016600 ms)

========================================================================
Received Prepare
Refreshing native plugins compatible for Editor in 0.53 ms, found 0 plugins.
Preloading 0 native plugins for Editor in 0.00 ms.
Unloading 3 Unused Serialized files (Serialized files now loaded: 0)
System memory in use before: 33.8 MB.
System memory in use after: 33.9 MB.

Unloading 2 unused Assets to reduce memory usage. Loaded Objects now: 1098.
Total: 2.370200 ms (FindLiveObjects: 0.241200 ms CreateObjectMapping: 0.036600 ms MarkObjects: 2.075400 ms  DeleteObjects: 0.015600 ms)

AssetImportWorkerClient::OnTransportError - code=2 error=End of file
